{"type":"API","session":"default","level":"warn","message":"   API : No client in session default","timestamp":"2015-10-13T17:37:26.745Z"}
{"level":"info","message":"   DASHBOARD  : default New Dashboard b2d59821-e6af-49c3-8362-1c05b5257476","timestamp":"2015-10-13T17:37:27.140Z"}
{"level":"info","message":"   DASHBOARD  : No client selected for this dashboard ","timestamp":"2015-10-13T17:37:27.141Z"}
{"level":"info","message":"   DASHBOARD  : Delete dashboard default socket 5wItWsVC6dH_Fn5pAAAA ","timestamp":"2015-10-13T17:37:32.642Z"}
{"type":"API","session":"default","level":"warn","message":"   API : No client in session default","timestamp":"2015-10-13T17:37:32.905Z"}
{"level":"info","message":"   DASHBOARD  : default New Dashboard b2d59821-e6af-49c3-8362-1c05b5257476","timestamp":"2015-10-13T17:37:33.337Z"}
{"level":"info","message":"   DASHBOARD  : No client selected for this dashboard ","timestamp":"2015-10-13T17:37:33.338Z"}
{"level":"info","message":"   DASHBOARD  : Delete dashboard default socket 1CTNY-rxXlFRnk0hAAAC ","timestamp":"2015-10-13T17:38:09.829Z"}
{"type":"API","session":"default","level":"warn","message":"   API : No client in session default","timestamp":"2015-10-13T17:38:10.417Z"}
{"level":"info","message":"   DASHBOARD  : default New Dashboard b2d59821-e6af-49c3-8362-1c05b5257476","timestamp":"2015-10-13T17:38:10.799Z"}
{"level":"info","message":"   DASHBOARD  : No client selected for this dashboard ","timestamp":"2015-10-13T17:38:10.799Z"}
{"level":"info","message":"   PLUGIN     : default Send Refresh clientlist to dashboard (0)[Mozilla/5.0 (Macintosh; Intel Mac OS X 10_11_1) AppleWebKit/537.36 (KHTML, like Gecko) Chrome/45.0.2454.101 Safari/537.36] socketid = pBAyRrC8g4ZTKDPKAAAG b2d59821-e6af-49c3-8362-1c05b5257476","timestamp":"2015-10-13T17:38:18.510Z"}
{"level":"info","message":"   PLUGIN     : default New client (0)[Mozilla/5.0 (Macintosh; Intel Mac OS X 10_11_1) AppleWebKit/537.36 (KHTML, like Gecko) Chrome/45.0.2454.101 Safari/537.36] socketid = pBAyRrC8g4ZTKDPKAAAG b2d59821-e6af-49c3-8362-1c05b5257476","timestamp":"2015-10-13T17:38:18.511Z"}
{"level":"info","message":"   PLUGIN     : default Number clients in session : 1 b2d59821-e6af-49c3-8362-1c05b5257476","timestamp":"2015-10-13T17:38:18.514Z"}
{"level":"info","message":"   PLUGIN     : default New client (0) wait... b2d59821-e6af-49c3-8362-1c05b5257476","timestamp":"2015-10-13T17:38:18.515Z"}
{"type":"API","session":"default","level":"info","message":"   API : GetClients nb client 1 in session default","timestamp":"2015-10-13T17:38:18.530Z"}
{"level":"info","message":"   DASHBOARD  : Delete dashboard default socket hd23N85B3CKnsC3kAAAE ","timestamp":"2015-10-13T17:38:20.046Z"}
{"type":"API","session":"default","level":"info","message":"   API : GetClients nb client 1 in session default","timestamp":"2015-10-13T17:38:20.288Z"}
{"level":"info","message":"   DASHBOARD  : default New Dashboard b2d59821-e6af-49c3-8362-1c05b5257476","timestamp":"2015-10-13T17:38:20.653Z"}
{"level":"info","message":"   DASHBOARD  : default Client selected for :b2d59821-e6af-49c3-8362-1c05b5257476 b2d59821-e6af-49c3-8362-1c05b5257476","timestamp":"2015-10-13T17:38:20.656Z"}
{"level":"info","message":"   DASHBOARD  : default Change currentClient b2d59821-e6af-49c3-8362-1c05b5257476 b2d59821-e6af-49c3-8362-1c05b5257476","timestamp":"2015-10-13T17:38:20.657Z"}
{"level":"info","message":"   DASHBOARD  : default Send helo to socketid :pBAyRrC8g4ZTKDPKAAAG b2d59821-e6af-49c3-8362-1c05b5257476","timestamp":"2015-10-13T17:38:20.657Z"}
{"level":"info","message":"   DASHBOARD  : default Send helo to Dashboard b2d59821-e6af-49c3-8362-1c05b5257476","timestamp":"2015-10-13T17:38:20.658Z"}
{"level":"info","message":"   PLUGIN     : default PLUGIN=>DASHBOARD CONSOLE:clear b2d59821-e6af-49c3-8362-1c05b5257476","timestamp":"2015-10-13T17:38:20.668Z"}
{"level":"info","message":"   DASHBOARD  : default DASHBOARD=>PLUGIN DOM:setSettings b2d59821-e6af-49c3-8362-1c05b5257476","timestamp":"2015-10-13T17:38:20.714Z"}
{"level":"info","message":"   DASHBOARD  : default DASHBOARD=>PLUGIN DOM:getMutationObeserverAvailability b2d59821-e6af-49c3-8362-1c05b5257476","timestamp":"2015-10-13T17:38:20.717Z"}
{"level":"info","message":"   PLUGIN     : default PLUGIN=>DASHBOARD DOM:init b2d59821-e6af-49c3-8362-1c05b5257476","timestamp":"2015-10-13T17:38:21.857Z"}
{"level":"info","message":"   PLUGIN     : default PLUGIN=>DASHBOARD MODERNIZR b2d59821-e6af-49c3-8362-1c05b5257476","timestamp":"2015-10-13T17:38:21.859Z"}
{"level":"info","message":"   PLUGIN     : default PLUGIN=>DASHBOARD OBJEXPLORER b2d59821-e6af-49c3-8362-1c05b5257476","timestamp":"2015-10-13T17:38:21.862Z"}
{"level":"info","message":"   PLUGIN     : default PLUGIN=>DASHBOARD XHRPANEL:state b2d59821-e6af-49c3-8362-1c05b5257476","timestamp":"2015-10-13T17:38:21.865Z"}
{"level":"info","message":"   PLUGIN     : default PLUGIN=>DASHBOARD NETWORK b2d59821-e6af-49c3-8362-1c05b5257476","timestamp":"2015-10-13T17:38:21.868Z"}
{"level":"info","message":"   PLUGIN     : default PLUGIN=>DASHBOARD RESOURCES b2d59821-e6af-49c3-8362-1c05b5257476","timestamp":"2015-10-13T17:38:21.872Z"}
{"level":"info","message":"   PLUGIN     : default PLUGIN=>DASHBOARD DOM:mutationObeserverAvailability b2d59821-e6af-49c3-8362-1c05b5257476","timestamp":"2015-10-13T17:38:21.874Z"}
{"level":"info","message":"   PLUGIN     : default PLUGIN=>DASHBOARD CONSOLE:entries b2d59821-e6af-49c3-8362-1c05b5257476","timestamp":"2015-10-13T17:38:22.851Z"}
{"level":"info","message":"   DASHBOARD  : default DASHBOARD=>PLUGIN DOM:select b2d59821-e6af-49c3-8362-1c05b5257476","timestamp":"2015-10-13T17:38:23.738Z"}
{"level":"info","message":"   DASHBOARD  : default DASHBOARD=>PLUGIN DOM:unselect b2d59821-e6af-49c3-8362-1c05b5257476","timestamp":"2015-10-13T17:38:23.754Z"}
{"level":"info","message":"   DASHBOARD  : default DASHBOARD=>PLUGIN DOM:select b2d59821-e6af-49c3-8362-1c05b5257476","timestamp":"2015-10-13T17:38:28.186Z"}
{"level":"info","message":"   DASHBOARD  : default DASHBOARD=>PLUGIN DOM:unselect b2d59821-e6af-49c3-8362-1c05b5257476","timestamp":"2015-10-13T17:38:28.203Z"}
{"level":"info","message":"   DASHBOARD  : default DASHBOARD=>PLUGIN DOM:select b2d59821-e6af-49c3-8362-1c05b5257476","timestamp":"2015-10-13T17:38:28.210Z"}
{"level":"info","message":"   DASHBOARD  : default DASHBOARD=>PLUGIN DOM:unselect b2d59821-e6af-49c3-8362-1c05b5257476","timestamp":"2015-10-13T17:38:28.218Z"}
{"level":"info","message":"   DASHBOARD  : default DASHBOARD=>PLUGIN DOM:select b2d59821-e6af-49c3-8362-1c05b5257476","timestamp":"2015-10-13T17:38:28.242Z"}
{"level":"info","message":"   DASHBOARD  : default DASHBOARD=>PLUGIN DOM:unselect b2d59821-e6af-49c3-8362-1c05b5257476","timestamp":"2015-10-13T17:38:28.628Z"}
{"level":"info","message":"   PLUGIN     : default PLUGIN=>DASHBOARD OBJEXPLORER b2d59821-e6af-49c3-8362-1c05b5257476","timestamp":"2015-10-13T17:38:34.616Z"}
{"level":"info","message":"   DASHBOARD  : default DASHBOARD=>PLUGIN DOM:refresh b2d59821-e6af-49c3-8362-1c05b5257476","timestamp":"2015-10-13T17:38:36.570Z"}
{"level":"info","message":"   PLUGIN     : default PLUGIN=>DASHBOARD DOM:init b2d59821-e6af-49c3-8362-1c05b5257476","timestamp":"2015-10-13T17:38:36.596Z"}
{"level":"info","message":"   DASHBOARD  : default DASHBOARD=>PLUGIN DOM:select b2d59821-e6af-49c3-8362-1c05b5257476","timestamp":"2015-10-13T17:38:37.652Z"}
{"level":"info","message":"   DASHBOARD  : default DASHBOARD=>PLUGIN DOM:unselect b2d59821-e6af-49c3-8362-1c05b5257476","timestamp":"2015-10-13T17:38:38.110Z"}
{"level":"info","message":"   DASHBOARD  : default DASHBOARD=>PLUGIN DOM:select b2d59821-e6af-49c3-8362-1c05b5257476","timestamp":"2015-10-13T17:38:38.146Z"}
{"level":"info","message":"   DASHBOARD  : default DASHBOARD=>PLUGIN DOM:unselect b2d59821-e6af-49c3-8362-1c05b5257476","timestamp":"2015-10-13T17:38:38.163Z"}
{"level":"info","message":"   DASHBOARD  : default DASHBOARD=>PLUGIN DOM:select b2d59821-e6af-49c3-8362-1c05b5257476","timestamp":"2015-10-13T17:38:38.451Z"}
{"level":"info","message":"   DASHBOARD  : default DASHBOARD=>PLUGIN DOM:unselect b2d59821-e6af-49c3-8362-1c05b5257476","timestamp":"2015-10-13T17:38:38.470Z"}
{"level":"info","message":"   DASHBOARD  : default DASHBOARD=>PLUGIN DOM:select b2d59821-e6af-49c3-8362-1c05b5257476","timestamp":"2015-10-13T17:38:38.485Z"}
{"level":"info","message":"   DASHBOARD  : default DASHBOARD=>PLUGIN DOM:unselect b2d59821-e6af-49c3-8362-1c05b5257476","timestamp":"2015-10-13T17:38:38.814Z"}
{"level":"info","message":"   DASHBOARD  : default DASHBOARD=>PLUGIN DOM:select b2d59821-e6af-49c3-8362-1c05b5257476","timestamp":"2015-10-13T17:38:38.928Z"}
{"level":"info","message":"   DASHBOARD  : default DASHBOARD=>PLUGIN DOM:unselect b2d59821-e6af-49c3-8362-1c05b5257476","timestamp":"2015-10-13T17:38:38.944Z"}
{"level":"info","message":"   DASHBOARD  : default DASHBOARD=>PLUGIN DOM:select b2d59821-e6af-49c3-8362-1c05b5257476","timestamp":"2015-10-13T17:38:38.951Z"}
{"level":"info","message":"   DASHBOARD  : default DASHBOARD=>PLUGIN DOM:unselect b2d59821-e6af-49c3-8362-1c05b5257476","timestamp":"2015-10-13T17:38:38.961Z"}
{"level":"info","message":"   DASHBOARD  : default DASHBOARD=>PLUGIN DOM:select b2d59821-e6af-49c3-8362-1c05b5257476","timestamp":"2015-10-13T17:38:44.231Z"}
{"level":"info","message":"   DASHBOARD  : default DASHBOARD=>PLUGIN DOM:unselect b2d59821-e6af-49c3-8362-1c05b5257476","timestamp":"2015-10-13T17:38:44.248Z"}
{"level":"info","message":"   DASHBOARD  : default DASHBOARD=>PLUGIN CONSOLE:order b2d59821-e6af-49c3-8362-1c05b5257476","timestamp":"2015-10-13T17:38:53.115Z"}
{"level":"info","message":"   DASHBOARD  : default DASHBOARD=>PLUGIN DOM:select b2d59821-e6af-49c3-8362-1c05b5257476","timestamp":"2015-10-13T17:38:53.849Z"}
{"level":"info","message":"   DASHBOARD  : default DASHBOARD=>PLUGIN DOM:unselect b2d59821-e6af-49c3-8362-1c05b5257476","timestamp":"2015-10-13T17:38:53.866Z"}
{"level":"info","message":"   DASHBOARD  : Delete dashboard default socket VvpLlE3GISjqobgqAAAI ","timestamp":"2015-10-13T17:38:55.491Z"}
{"level":"info","message":"   PLUGIN     : Delete client socket pBAyRrC8g4ZTKDPKAAAG ","timestamp":"2015-10-13T17:38:55.494Z"}
{"type":"API","session":"default","level":"warn","message":"   API : No client in session default","timestamp":"2015-10-13T17:41:43.498Z"}
{"level":"info","message":"   DASHBOARD  : default New Dashboard b2d59821-e6af-49c3-8362-1c05b5257476","timestamp":"2015-10-13T17:41:43.906Z"}
{"level":"info","message":"   DASHBOARD  : No client selected for this dashboard ","timestamp":"2015-10-13T17:41:43.907Z"}
{"level":"info","message":"   PLUGIN     : default Send Refresh clientlist to dashboard (0)[Mozilla/5.0 (Macintosh; Intel Mac OS X 10_11_1) AppleWebKit/537.36 (KHTML, like Gecko) Chrome/45.0.2454.101 Safari/537.36] socketid = vezXmCZsCRgIyFlcAAAE b2d59821-e6af-49c3-8362-1c05b5257476","timestamp":"2015-10-13T17:41:44.812Z"}
{"level":"info","message":"   PLUGIN     : default New client (0)[Mozilla/5.0 (Macintosh; Intel Mac OS X 10_11_1) AppleWebKit/537.36 (KHTML, like Gecko) Chrome/45.0.2454.101 Safari/537.36] socketid = vezXmCZsCRgIyFlcAAAE b2d59821-e6af-49c3-8362-1c05b5257476","timestamp":"2015-10-13T17:41:44.814Z"}
{"level":"info","message":"   PLUGIN     : default Number clients in session : 1 b2d59821-e6af-49c3-8362-1c05b5257476","timestamp":"2015-10-13T17:41:44.814Z"}
{"level":"info","message":"   PLUGIN     : default New client (0) wait... b2d59821-e6af-49c3-8362-1c05b5257476","timestamp":"2015-10-13T17:41:44.815Z"}
{"type":"API","session":"default","level":"info","message":"   API : GetClients nb client 1 in session default","timestamp":"2015-10-13T17:41:44.827Z"}
{"level":"info","message":"   PLUGIN     : default Client Reconnect (0)[Mozilla/5.0 (Macintosh; Intel Mac OS X 10_11_1) AppleWebKit/537.36 (KHTML, like Gecko) Chrome/45.0.2454.101 Safari/537.36] socketid=mHdGyE95yfPpbni7AAAG b2d59821-e6af-49c3-8362-1c05b5257476","timestamp":"2015-10-13T17:41:46.045Z"}
{"level":"info","message":"   PLUGIN     : default Number clients in session : 1 b2d59821-e6af-49c3-8362-1c05b5257476","timestamp":"2015-10-13T17:41:46.046Z"}
{"level":"info","message":"   PLUGIN     : default New client (0) wait... b2d59821-e6af-49c3-8362-1c05b5257476","timestamp":"2015-10-13T17:41:46.046Z"}
{"type":"API","session":"default","level":"info","message":"   API : GetClients nb client 1 in session default","timestamp":"2015-10-13T17:41:46.057Z"}
{"level":"info","message":"   DASHBOARD  : Delete dashboard default socket 5XXeXQF_-9tadVdRAAAC ","timestamp":"2015-10-13T17:41:56.322Z"}
{"type":"API","session":"default","level":"info","message":"   API : GetClients nb client 1 in session default","timestamp":"2015-10-13T17:41:56.611Z"}
{"level":"info","message":"   DASHBOARD  : default New Dashboard b2d59821-e6af-49c3-8362-1c05b5257476","timestamp":"2015-10-13T17:41:56.943Z"}
{"level":"info","message":"   DASHBOARD  : default Client selected for :b2d59821-e6af-49c3-8362-1c05b5257476 b2d59821-e6af-49c3-8362-1c05b5257476","timestamp":"2015-10-13T17:41:56.944Z"}
{"level":"info","message":"   DASHBOARD  : default Change currentClient b2d59821-e6af-49c3-8362-1c05b5257476 b2d59821-e6af-49c3-8362-1c05b5257476","timestamp":"2015-10-13T17:41:56.944Z"}
{"level":"info","message":"   DASHBOARD  : default Send helo to socketid :mHdGyE95yfPpbni7AAAG b2d59821-e6af-49c3-8362-1c05b5257476","timestamp":"2015-10-13T17:41:56.945Z"}
{"level":"info","message":"   DASHBOARD  : default Send helo to Dashboard b2d59821-e6af-49c3-8362-1c05b5257476","timestamp":"2015-10-13T17:41:56.945Z"}
{"level":"info","message":"   PLUGIN     : default PLUGIN=>DASHBOARD CONSOLE:clear b2d59821-e6af-49c3-8362-1c05b5257476","timestamp":"2015-10-13T17:41:56.953Z"}
{"level":"info","message":"   PLUGIN     : default PLUGIN=>DASHBOARD DOM:init b2d59821-e6af-49c3-8362-1c05b5257476","timestamp":"2015-10-13T17:41:56.978Z"}
{"level":"info","message":"   PLUGIN     : default PLUGIN=>DASHBOARD MODERNIZR b2d59821-e6af-49c3-8362-1c05b5257476","timestamp":"2015-10-13T17:41:56.980Z"}
{"level":"info","message":"   PLUGIN     : default PLUGIN=>DASHBOARD OBJEXPLORER b2d59821-e6af-49c3-8362-1c05b5257476","timestamp":"2015-10-13T17:41:56.983Z"}
{"level":"info","message":"   PLUGIN     : default PLUGIN=>DASHBOARD XHRPANEL:state b2d59821-e6af-49c3-8362-1c05b5257476","timestamp":"2015-10-13T17:41:56.985Z"}
{"level":"info","message":"   PLUGIN     : default PLUGIN=>DASHBOARD NETWORK b2d59821-e6af-49c3-8362-1c05b5257476","timestamp":"2015-10-13T17:41:56.987Z"}
{"level":"info","message":"   PLUGIN     : default PLUGIN=>DASHBOARD RESOURCES b2d59821-e6af-49c3-8362-1c05b5257476","timestamp":"2015-10-13T17:41:56.988Z"}
{"level":"info","message":"   DASHBOARD  : default DASHBOARD=>PLUGIN DOM:setSettings b2d59821-e6af-49c3-8362-1c05b5257476","timestamp":"2015-10-13T17:41:57.043Z"}
{"level":"info","message":"   DASHBOARD  : default DASHBOARD=>PLUGIN DOM:getMutationObeserverAvailability b2d59821-e6af-49c3-8362-1c05b5257476","timestamp":"2015-10-13T17:41:57.046Z"}
{"level":"info","message":"   PLUGIN     : default PLUGIN=>DASHBOARD DOM:mutationObeserverAvailability b2d59821-e6af-49c3-8362-1c05b5257476","timestamp":"2015-10-13T17:41:57.048Z"}
{"level":"info","message":"   PLUGIN     : default PLUGIN=>DASHBOARD CONSOLE:entries b2d59821-e6af-49c3-8362-1c05b5257476","timestamp":"2015-10-13T17:41:57.256Z"}
{"level":"info","message":"   PLUGIN     : default PLUGIN=>DASHBOARD CONSOLE:entries b2d59821-e6af-49c3-8362-1c05b5257476","timestamp":"2015-10-13T17:41:57.259Z"}
{"level":"info","message":"   PLUGIN     : default PLUGIN=>DASHBOARD CONSOLE:entries b2d59821-e6af-49c3-8362-1c05b5257476","timestamp":"2015-10-13T17:41:57.262Z"}
{"level":"info","message":"   DASHBOARD  : Delete dashboard default socket ulsNYKfqkxtE19xNAAAI ","timestamp":"2015-10-13T17:41:57.762Z"}
{"type":"API","session":"default","level":"info","message":"   API : GetClients nb client 1 in session default","timestamp":"2015-10-13T17:41:57.895Z"}
{"level":"info","message":"   DASHBOARD  : default New Dashboard b2d59821-e6af-49c3-8362-1c05b5257476","timestamp":"2015-10-13T17:41:58.215Z"}
{"level":"info","message":"   DASHBOARD  : default Client selected for :b2d59821-e6af-49c3-8362-1c05b5257476 b2d59821-e6af-49c3-8362-1c05b5257476","timestamp":"2015-10-13T17:41:58.215Z"}
{"level":"info","message":"   DASHBOARD  : default Change currentClient b2d59821-e6af-49c3-8362-1c05b5257476 b2d59821-e6af-49c3-8362-1c05b5257476","timestamp":"2015-10-13T17:41:58.217Z"}
{"level":"info","message":"   DASHBOARD  : default Send helo to socketid :mHdGyE95yfPpbni7AAAG b2d59821-e6af-49c3-8362-1c05b5257476","timestamp":"2015-10-13T17:41:58.220Z"}
{"level":"info","message":"   DASHBOARD  : default Send helo to Dashboard b2d59821-e6af-49c3-8362-1c05b5257476","timestamp":"2015-10-13T17:41:58.220Z"}
{"level":"info","message":"   PLUGIN     : default PLUGIN=>DASHBOARD CONSOLE:clear b2d59821-e6af-49c3-8362-1c05b5257476","timestamp":"2015-10-13T17:41:58.229Z"}
{"level":"info","message":"   DASHBOARD  : default DASHBOARD=>PLUGIN DOM:setSettings b2d59821-e6af-49c3-8362-1c05b5257476","timestamp":"2015-10-13T17:41:58.250Z"}
{"level":"info","message":"   DASHBOARD  : default DASHBOARD=>PLUGIN DOM:getMutationObeserverAvailability b2d59821-e6af-49c3-8362-1c05b5257476","timestamp":"2015-10-13T17:41:58.253Z"}
{"level":"info","message":"   PLUGIN     : default PLUGIN=>DASHBOARD DOM:init b2d59821-e6af-49c3-8362-1c05b5257476","timestamp":"2015-10-13T17:41:58.263Z"}
{"level":"info","message":"   PLUGIN     : default PLUGIN=>DASHBOARD MODERNIZR b2d59821-e6af-49c3-8362-1c05b5257476","timestamp":"2015-10-13T17:41:58.265Z"}
{"level":"info","message":"   PLUGIN     : default PLUGIN=>DASHBOARD OBJEXPLORER b2d59821-e6af-49c3-8362-1c05b5257476","timestamp":"2015-10-13T17:41:58.273Z"}
{"level":"info","message":"   PLUGIN     : default PLUGIN=>DASHBOARD XHRPANEL:state b2d59821-e6af-49c3-8362-1c05b5257476","timestamp":"2015-10-13T17:41:58.275Z"}
{"level":"info","message":"   PLUGIN     : default PLUGIN=>DASHBOARD NETWORK b2d59821-e6af-49c3-8362-1c05b5257476","timestamp":"2015-10-13T17:41:58.278Z"}
{"level":"info","message":"   PLUGIN     : default PLUGIN=>DASHBOARD RESOURCES b2d59821-e6af-49c3-8362-1c05b5257476","timestamp":"2015-10-13T17:41:58.280Z"}
{"level":"info","message":"   PLUGIN     : default PLUGIN=>DASHBOARD DOM:mutationObeserverAvailability b2d59821-e6af-49c3-8362-1c05b5257476","timestamp":"2015-10-13T17:41:58.282Z"}
{"level":"info","message":"   DASHBOARD  : default DASHBOARD=>PLUGIN DOM:select b2d59821-e6af-49c3-8362-1c05b5257476","timestamp":"2015-10-13T17:41:58.430Z"}
{"level":"info","message":"   DASHBOARD  : default DASHBOARD=>PLUGIN DOM:unselect b2d59821-e6af-49c3-8362-1c05b5257476","timestamp":"2015-10-13T17:41:58.447Z"}
{"level":"info","message":"   DASHBOARD  : default DASHBOARD=>PLUGIN DOM:select b2d59821-e6af-49c3-8362-1c05b5257476","timestamp":"2015-10-13T17:41:58.463Z"}
{"level":"info","message":"   DASHBOARD  : default DASHBOARD=>PLUGIN DOM:unselect b2d59821-e6af-49c3-8362-1c05b5257476","timestamp":"2015-10-13T17:41:58.480Z"}
{"level":"info","message":"   DASHBOARD  : default DASHBOARD=>PLUGIN DOM:select b2d59821-e6af-49c3-8362-1c05b5257476","timestamp":"2015-10-13T17:41:58.497Z"}
{"level":"info","message":"   DASHBOARD  : default DASHBOARD=>PLUGIN DOM:unselect b2d59821-e6af-49c3-8362-1c05b5257476","timestamp":"2015-10-13T17:41:58.514Z"}
{"level":"info","message":"   PLUGIN     : default PLUGIN=>DASHBOARD CONSOLE:entries b2d59821-e6af-49c3-8362-1c05b5257476","timestamp":"2015-10-13T17:41:58.535Z"}
{"level":"info","message":"   DASHBOARD  : default DASHBOARD=>PLUGIN DOM:select b2d59821-e6af-49c3-8362-1c05b5257476","timestamp":"2015-10-13T17:41:58.542Z"}
{"level":"info","message":"   PLUGIN     : default PLUGIN=>DASHBOARD CONSOLE:entries b2d59821-e6af-49c3-8362-1c05b5257476","timestamp":"2015-10-13T17:41:58.544Z"}
{"level":"info","message":"   PLUGIN     : default PLUGIN=>DASHBOARD CONSOLE:entries b2d59821-e6af-49c3-8362-1c05b5257476","timestamp":"2015-10-13T17:41:58.548Z"}
{"level":"info","message":"   DASHBOARD  : default DASHBOARD=>PLUGIN DOM:unselect b2d59821-e6af-49c3-8362-1c05b5257476","timestamp":"2015-10-13T17:41:58.566Z"}
{"level":"info","message":"   DASHBOARD  : default DASHBOARD=>PLUGIN DOM:select b2d59821-e6af-49c3-8362-1c05b5257476","timestamp":"2015-10-13T17:41:59.762Z"}
{"level":"info","message":"   DASHBOARD  : default DASHBOARD=>PLUGIN DOM:unselect b2d59821-e6af-49c3-8362-1c05b5257476","timestamp":"2015-10-13T17:41:59.778Z"}
{"level":"info","message":"   DASHBOARD  : default DASHBOARD=>PLUGIN DOM:select b2d59821-e6af-49c3-8362-1c05b5257476","timestamp":"2015-10-13T17:41:59.999Z"}
{"level":"info","message":"   DASHBOARD  : default DASHBOARD=>PLUGIN DOM:unselect b2d59821-e6af-49c3-8362-1c05b5257476","timestamp":"2015-10-13T17:42:00.031Z"}
{"level":"info","message":"   PLUGIN     : default PLUGIN=>DASHBOARD CONSOLE:entries b2d59821-e6af-49c3-8362-1c05b5257476","timestamp":"2015-10-13T17:42:01.771Z"}
{"level":"info","message":"   PLUGIN     : default PLUGIN=>DASHBOARD CONSOLE:entries b2d59821-e6af-49c3-8362-1c05b5257476","timestamp":"2015-10-13T17:42:01.990Z"}
{"level":"info","message":"   PLUGIN     : default PLUGIN=>DASHBOARD CONSOLE:entries b2d59821-e6af-49c3-8362-1c05b5257476","timestamp":"2015-10-13T17:42:02.204Z"}
{"level":"info","message":"   PLUGIN     : default PLUGIN=>DASHBOARD CONSOLE:entries b2d59821-e6af-49c3-8362-1c05b5257476","timestamp":"2015-10-13T17:42:02.421Z"}
{"level":"info","message":"   PLUGIN     : default PLUGIN=>DASHBOARD CONSOLE:entries b2d59821-e6af-49c3-8362-1c05b5257476","timestamp":"2015-10-13T17:42:04.685Z"}
{"level":"info","message":"   PLUGIN     : default PLUGIN=>DASHBOARD OBJEXPLORER b2d59821-e6af-49c3-8362-1c05b5257476","timestamp":"2015-10-13T17:42:08.443Z"}
{"level":"info","message":"   DASHBOARD  : default DASHBOARD=>PLUGIN CONSOLE:order b2d59821-e6af-49c3-8362-1c05b5257476","timestamp":"2015-10-13T17:42:14.956Z"}
{"level":"info","message":"   PLUGIN     : default PLUGIN=>DASHBOARD CONSOLE:entries b2d59821-e6af-49c3-8362-1c05b5257476","timestamp":"2015-10-13T17:42:15.163Z"}
{"level":"info","message":"   DASHBOARD  : default DASHBOARD=>PLUGIN CONSOLE:order b2d59821-e6af-49c3-8362-1c05b5257476","timestamp":"2015-10-13T17:42:18.795Z"}
{"level":"info","message":"   PLUGIN     : default PLUGIN=>DASHBOARD CONSOLE:entries b2d59821-e6af-49c3-8362-1c05b5257476","timestamp":"2015-10-13T17:42:19.001Z"}
{"level":"info","message":"   DASHBOARD  : default DASHBOARD=>PLUGIN CONSOLE:order b2d59821-e6af-49c3-8362-1c05b5257476","timestamp":"2015-10-13T17:42:22.218Z"}
{"level":"info","message":"   PLUGIN     : default PLUGIN=>DASHBOARD CONSOLE:entries b2d59821-e6af-49c3-8362-1c05b5257476","timestamp":"2015-10-13T17:42:22.423Z"}
{"level":"info","message":"   DASHBOARD  : default DASHBOARD=>PLUGIN CONSOLE:order b2d59821-e6af-49c3-8362-1c05b5257476","timestamp":"2015-10-13T17:42:24.431Z"}
{"level":"info","message":"   PLUGIN     : default PLUGIN=>DASHBOARD CONSOLE:entries b2d59821-e6af-49c3-8362-1c05b5257476","timestamp":"2015-10-13T17:42:24.638Z"}
{"level":"info","message":"   DASHBOARD  : default DASHBOARD=>PLUGIN CONSOLE:order b2d59821-e6af-49c3-8362-1c05b5257476","timestamp":"2015-10-13T17:42:28.761Z"}
{"level":"info","message":"   PLUGIN     : default PLUGIN=>DASHBOARD CONSOLE:entries b2d59821-e6af-49c3-8362-1c05b5257476","timestamp":"2015-10-13T17:42:28.973Z"}
{"level":"info","message":"   PLUGIN     : default PLUGIN=>DASHBOARD CONSOLE:entries b2d59821-e6af-49c3-8362-1c05b5257476","timestamp":"2015-10-13T17:42:31.889Z"}
{"level":"info","message":"   PLUGIN     : default PLUGIN=>DASHBOARD CONSOLE:entries b2d59821-e6af-49c3-8362-1c05b5257476","timestamp":"2015-10-13T17:42:32.190Z"}
{"level":"info","message":"   PLUGIN     : default PLUGIN=>DASHBOARD CONSOLE:entries b2d59821-e6af-49c3-8362-1c05b5257476","timestamp":"2015-10-13T17:42:32.406Z"}
{"level":"info","message":"   PLUGIN     : default PLUGIN=>DASHBOARD CONSOLE:entries b2d59821-e6af-49c3-8362-1c05b5257476","timestamp":"2015-10-13T17:42:32.621Z"}
{"level":"info","message":"   PLUGIN     : default PLUGIN=>DASHBOARD CONSOLE:entries b2d59821-e6af-49c3-8362-1c05b5257476","timestamp":"2015-10-13T17:42:32.822Z"}
{"level":"info","message":"   PLUGIN     : default PLUGIN=>DASHBOARD CONSOLE:entries b2d59821-e6af-49c3-8362-1c05b5257476","timestamp":"2015-10-13T17:42:33.123Z"}
{"level":"info","message":"   PLUGIN     : default PLUGIN=>DASHBOARD CONSOLE:entries b2d59821-e6af-49c3-8362-1c05b5257476","timestamp":"2015-10-13T17:42:37.255Z"}
{"level":"info","message":"   PLUGIN     : default PLUGIN=>DASHBOARD CONSOLE:entries b2d59821-e6af-49c3-8362-1c05b5257476","timestamp":"2015-10-13T17:42:37.522Z"}
{"level":"info","message":"   PLUGIN     : default PLUGIN=>DASHBOARD CONSOLE:entries b2d59821-e6af-49c3-8362-1c05b5257476","timestamp":"2015-10-13T17:42:37.772Z"}
{"level":"info","message":"   PLUGIN     : default PLUGIN=>DASHBOARD CONSOLE:entries b2d59821-e6af-49c3-8362-1c05b5257476","timestamp":"2015-10-13T17:42:37.989Z"}
{"level":"info","message":"   PLUGIN     : default PLUGIN=>DASHBOARD CONSOLE:entries b2d59821-e6af-49c3-8362-1c05b5257476","timestamp":"2015-10-13T17:42:38.226Z"}
{"level":"info","message":"   PLUGIN     : default PLUGIN=>DASHBOARD CONSOLE:entries b2d59821-e6af-49c3-8362-1c05b5257476","timestamp":"2015-10-13T17:42:38.838Z"}
{"level":"info","message":"   PLUGIN     : default PLUGIN=>DASHBOARD CONSOLE:entries b2d59821-e6af-49c3-8362-1c05b5257476","timestamp":"2015-10-13T17:42:39.105Z"}
{"level":"info","message":"   PLUGIN     : default PLUGIN=>DASHBOARD CONSOLE:entries b2d59821-e6af-49c3-8362-1c05b5257476","timestamp":"2015-10-13T17:42:39.307Z"}
{"level":"info","message":"   PLUGIN     : default PLUGIN=>DASHBOARD CONSOLE:entries b2d59821-e6af-49c3-8362-1c05b5257476","timestamp":"2015-10-13T17:42:39.602Z"}
{"level":"info","message":"   PLUGIN     : default PLUGIN=>DASHBOARD CONSOLE:entries b2d59821-e6af-49c3-8362-1c05b5257476","timestamp":"2015-10-13T17:42:42.606Z"}
{"level":"info","message":"   PLUGIN     : default PLUGIN=>DASHBOARD CONSOLE:entries b2d59821-e6af-49c3-8362-1c05b5257476","timestamp":"2015-10-13T17:42:42.808Z"}
{"level":"info","message":"   PLUGIN     : default PLUGIN=>DASHBOARD CONSOLE:entries b2d59821-e6af-49c3-8362-1c05b5257476","timestamp":"2015-10-13T17:42:43.022Z"}
{"level":"info","message":"   PLUGIN     : default PLUGIN=>DASHBOARD CONSOLE:entries b2d59821-e6af-49c3-8362-1c05b5257476","timestamp":"2015-10-13T17:42:43.241Z"}
{"level":"info","message":"   PLUGIN     : default PLUGIN=>DASHBOARD CONSOLE:entries b2d59821-e6af-49c3-8362-1c05b5257476","timestamp":"2015-10-13T17:42:43.458Z"}
{"level":"info","message":"   PLUGIN     : default PLUGIN=>DASHBOARD CONSOLE:entries b2d59821-e6af-49c3-8362-1c05b5257476","timestamp":"2015-10-13T17:42:43.659Z"}
{"level":"info","message":"   PLUGIN     : default PLUGIN=>DASHBOARD CONSOLE:entries b2d59821-e6af-49c3-8362-1c05b5257476","timestamp":"2015-10-13T17:42:43.873Z"}
{"level":"info","message":"   PLUGIN     : default PLUGIN=>DASHBOARD CONSOLE:entries b2d59821-e6af-49c3-8362-1c05b5257476","timestamp":"2015-10-13T17:42:44.075Z"}
{"level":"info","message":"   PLUGIN     : default PLUGIN=>DASHBOARD CONSOLE:entries b2d59821-e6af-49c3-8362-1c05b5257476","timestamp":"2015-10-13T17:42:44.288Z"}
{"level":"info","message":"   PLUGIN     : default PLUGIN=>DASHBOARD CONSOLE:entries b2d59821-e6af-49c3-8362-1c05b5257476","timestamp":"2015-10-13T17:42:44.855Z"}
{"level":"info","message":"   PLUGIN     : default PLUGIN=>DASHBOARD CONSOLE:entries b2d59821-e6af-49c3-8362-1c05b5257476","timestamp":"2015-10-13T17:42:45.057Z"}
{"level":"info","message":"   PLUGIN     : default PLUGIN=>DASHBOARD CONSOLE:entries b2d59821-e6af-49c3-8362-1c05b5257476","timestamp":"2015-10-13T17:42:45.356Z"}
{"level":"info","message":"   PLUGIN     : default PLUGIN=>DASHBOARD CONSOLE:entries b2d59821-e6af-49c3-8362-1c05b5257476","timestamp":"2015-10-13T17:42:45.639Z"}
{"level":"info","message":"   PLUGIN     : default PLUGIN=>DASHBOARD CONSOLE:entries b2d59821-e6af-49c3-8362-1c05b5257476","timestamp":"2015-10-13T17:42:46.290Z"}
{"level":"info","message":"   PLUGIN     : default PLUGIN=>DASHBOARD CONSOLE:entries b2d59821-e6af-49c3-8362-1c05b5257476","timestamp":"2015-10-13T17:42:46.509Z"}
{"level":"info","message":"   PLUGIN     : default PLUGIN=>DASHBOARD CONSOLE:entries b2d59821-e6af-49c3-8362-1c05b5257476","timestamp":"2015-10-13T17:42:46.715Z"}
{"level":"info","message":"   PLUGIN     : default PLUGIN=>DASHBOARD CONSOLE:entries b2d59821-e6af-49c3-8362-1c05b5257476","timestamp":"2015-10-13T17:42:46.922Z"}
{"level":"info","message":"   PLUGIN     : default PLUGIN=>DASHBOARD CONSOLE:entries b2d59821-e6af-49c3-8362-1c05b5257476","timestamp":"2015-10-13T17:42:47.122Z"}
{"level":"info","message":"   PLUGIN     : default PLUGIN=>DASHBOARD CONSOLE:entries b2d59821-e6af-49c3-8362-1c05b5257476","timestamp":"2015-10-13T17:42:47.324Z"}
{"level":"info","message":"   PLUGIN     : default PLUGIN=>DASHBOARD CONSOLE:entries b2d59821-e6af-49c3-8362-1c05b5257476","timestamp":"2015-10-13T17:42:47.573Z"}
{"level":"info","message":"   PLUGIN     : default PLUGIN=>DASHBOARD CONSOLE:entries b2d59821-e6af-49c3-8362-1c05b5257476","timestamp":"2015-10-13T17:42:47.789Z"}
{"level":"info","message":"   PLUGIN     : default PLUGIN=>DASHBOARD CONSOLE:entries b2d59821-e6af-49c3-8362-1c05b5257476","timestamp":"2015-10-13T17:42:48.004Z"}
{"level":"info","message":"   PLUGIN     : default PLUGIN=>DASHBOARD CONSOLE:entries b2d59821-e6af-49c3-8362-1c05b5257476","timestamp":"2015-10-13T17:42:48.208Z"}
{"level":"info","message":"   PLUGIN     : default PLUGIN=>DASHBOARD CONSOLE:entries b2d59821-e6af-49c3-8362-1c05b5257476","timestamp":"2015-10-13T17:42:48.422Z"}
{"level":"info","message":"   PLUGIN     : default PLUGIN=>DASHBOARD CONSOLE:entries b2d59821-e6af-49c3-8362-1c05b5257476","timestamp":"2015-10-13T17:42:48.638Z"}
{"level":"info","message":"   PLUGIN     : default PLUGIN=>DASHBOARD CONSOLE:entries b2d59821-e6af-49c3-8362-1c05b5257476","timestamp":"2015-10-13T17:42:48.857Z"}
{"level":"info","message":"   PLUGIN     : default PLUGIN=>DASHBOARD CONSOLE:entries b2d59821-e6af-49c3-8362-1c05b5257476","timestamp":"2015-10-13T17:42:49.074Z"}
{"level":"info","message":"   PLUGIN     : default PLUGIN=>DASHBOARD CONSOLE:entries b2d59821-e6af-49c3-8362-1c05b5257476","timestamp":"2015-10-13T17:42:49.275Z"}
{"level":"info","message":"   PLUGIN     : default Send RefreshClients to Dashboard mHdGyE95yfPpbni7AAAG b2d59821-e6af-49c3-8362-1c05b5257476","timestamp":"2015-10-13T17:42:51.926Z"}
{"level":"info","message":"   PLUGIN     : default Client Close mHdGyE95yfPpbni7AAAG b2d59821-e6af-49c3-8362-1c05b5257476","timestamp":"2015-10-13T17:42:51.927Z"}
{"type":"API","session":"default","level":"info","message":"   API : GetClients nb client 0 in session default","timestamp":"2015-10-13T17:42:51.932Z"}
{"level":"info","message":"   PLUGIN     : Delete client socket mHdGyE95yfPpbni7AAAG ","timestamp":"2015-10-13T17:42:51.938Z"}
{"level":"info","message":"   PLUGIN     : default Send Refresh clientlist to dashboard (0)[Mozilla/5.0 (Macintosh; Intel Mac OS X 10_11_1) AppleWebKit/537.36 (KHTML, like Gecko) Chrome/45.0.2454.101 Safari/537.36] socketid = ZkpNLEcDBkEuXx21AAAM b2d59821-e6af-49c3-8362-1c05b5257476","timestamp":"2015-10-13T17:42:52.335Z"}
{"level":"info","message":"   PLUGIN     : default New client (0)[Mozilla/5.0 (Macintosh; Intel Mac OS X 10_11_1) AppleWebKit/537.36 (KHTML, like Gecko) Chrome/45.0.2454.101 Safari/537.36] socketid = ZkpNLEcDBkEuXx21AAAM b2d59821-e6af-49c3-8362-1c05b5257476","timestamp":"2015-10-13T17:42:52.336Z"}
{"level":"info","message":"   PLUGIN     : default Number clients in session : 1 b2d59821-e6af-49c3-8362-1c05b5257476","timestamp":"2015-10-13T17:42:52.336Z"}
{"level":"info","message":"   PLUGIN     : default New client (0) wait... b2d59821-e6af-49c3-8362-1c05b5257476","timestamp":"2015-10-13T17:42:52.336Z"}
{"type":"API","session":"default","level":"info","message":"   API : GetClients nb client 1 in session default","timestamp":"2015-10-13T17:42:52.345Z"}
{"level":"info","message":"   DASHBOARD  : Delete dashboard default socket gDPL3jHoJCOygzaCAAAK ","timestamp":"2015-10-13T17:42:54.826Z"}
{"type":"API","session":"default","level":"info","message":"   API : GetClients nb client 1 in session default","timestamp":"2015-10-13T17:42:55.046Z"}
{"level":"info","message":"   DASHBOARD  : default New Dashboard b2d59821-e6af-49c3-8362-1c05b5257476","timestamp":"2015-10-13T17:42:55.360Z"}
{"level":"info","message":"   DASHBOARD  : default Client selected for :b2d59821-e6af-49c3-8362-1c05b5257476 b2d59821-e6af-49c3-8362-1c05b5257476","timestamp":"2015-10-13T17:42:55.361Z"}
{"level":"info","message":"   DASHBOARD  : default Change currentClient b2d59821-e6af-49c3-8362-1c05b5257476 b2d59821-e6af-49c3-8362-1c05b5257476","timestamp":"2015-10-13T17:42:55.361Z"}
{"level":"info","message":"   DASHBOARD  : default Send helo to socketid :ZkpNLEcDBkEuXx21AAAM b2d59821-e6af-49c3-8362-1c05b5257476","timestamp":"2015-10-13T17:42:55.361Z"}
{"level":"info","message":"   DASHBOARD  : default Send helo to Dashboard b2d59821-e6af-49c3-8362-1c05b5257476","timestamp":"2015-10-13T17:42:55.361Z"}
{"level":"info","message":"   PLUGIN     : default PLUGIN=>DASHBOARD CONSOLE:clear b2d59821-e6af-49c3-8362-1c05b5257476","timestamp":"2015-10-13T17:42:55.371Z"}
{"level":"info","message":"   DASHBOARD  : default DASHBOARD=>PLUGIN DOM:setSettings b2d59821-e6af-49c3-8362-1c05b5257476","timestamp":"2015-10-13T17:42:55.393Z"}
{"level":"info","message":"   DASHBOARD  : default DASHBOARD=>PLUGIN DOM:getMutationObeserverAvailability b2d59821-e6af-49c3-8362-1c05b5257476","timestamp":"2015-10-13T17:42:55.394Z"}
{"level":"info","message":"   PLUGIN     : default PLUGIN=>DASHBOARD DOM:init b2d59821-e6af-49c3-8362-1c05b5257476","timestamp":"2015-10-13T17:42:55.407Z"}
{"level":"info","message":"   PLUGIN     : default PLUGIN=>DASHBOARD MODERNIZR b2d59821-e6af-49c3-8362-1c05b5257476","timestamp":"2015-10-13T17:42:55.410Z"}
{"level":"info","message":"   PLUGIN     : default PLUGIN=>DASHBOARD OBJEXPLORER b2d59821-e6af-49c3-8362-1c05b5257476","timestamp":"2015-10-13T17:42:55.415Z"}
{"level":"info","message":"   PLUGIN     : default PLUGIN=>DASHBOARD XHRPANEL:state b2d59821-e6af-49c3-8362-1c05b5257476","timestamp":"2015-10-13T17:42:55.417Z"}
{"level":"info","message":"   PLUGIN     : default PLUGIN=>DASHBOARD NETWORK b2d59821-e6af-49c3-8362-1c05b5257476","timestamp":"2015-10-13T17:42:55.424Z"}
{"level":"info","message":"   PLUGIN     : default PLUGIN=>DASHBOARD RESOURCES b2d59821-e6af-49c3-8362-1c05b5257476","timestamp":"2015-10-13T17:42:55.426Z"}
{"level":"info","message":"   PLUGIN     : default PLUGIN=>DASHBOARD DOM:mutationObeserverAvailability b2d59821-e6af-49c3-8362-1c05b5257476","timestamp":"2015-10-13T17:42:55.429Z"}
{"level":"info","message":"   PLUGIN     : default PLUGIN=>DASHBOARD CONSOLE:entries b2d59821-e6af-49c3-8362-1c05b5257476","timestamp":"2015-10-13T17:42:55.675Z"}
{"level":"info","message":"   PLUGIN     : default Client Reconnect (0)[Mozilla/5.0 (Macintosh; Intel Mac OS X 10_11_1) AppleWebKit/537.36 (KHTML, like Gecko) Chrome/45.0.2454.101 Safari/537.36] socketid=vC_3GNCb1kPhqdx5AAAQ b2d59821-e6af-49c3-8362-1c05b5257476","timestamp":"2015-10-13T17:42:58.347Z"}
{"level":"info","message":"   PLUGIN     : default Number clients in session : 1 b2d59821-e6af-49c3-8362-1c05b5257476","timestamp":"2015-10-13T17:42:58.347Z"}
{"level":"info","message":"   PLUGIN     : default Send helo to client to open socket : b2d59821-e6af-49c3-8362-1c05b5257476 b2d59821-e6af-49c3-8362-1c05b5257476","timestamp":"2015-10-13T17:42:58.347Z"}
{"type":"API","session":"default","level":"info","message":"   API : GetClients nb client 1 in session default","timestamp":"2015-10-13T17:42:58.355Z"}
{"level":"info","message":"   PLUGIN     : default PLUGIN=>DASHBOARD CONSOLE:clear b2d59821-e6af-49c3-8362-1c05b5257476","timestamp":"2015-10-13T17:42:58.738Z"}
{"level":"info","message":"   PLUGIN     : default PLUGIN=>DASHBOARD DOM:init b2d59821-e6af-49c3-8362-1c05b5257476","timestamp":"2015-10-13T17:42:58.741Z"}
{"level":"info","message":"   PLUGIN     : default PLUGIN=>DASHBOARD MODERNIZR b2d59821-e6af-49c3-8362-1c05b5257476","timestamp":"2015-10-13T17:42:58.743Z"}
{"level":"info","message":"   PLUGIN     : default PLUGIN=>DASHBOARD OBJEXPLORER b2d59821-e6af-49c3-8362-1c05b5257476","timestamp":"2015-10-13T17:42:58.747Z"}
{"level":"info","message":"   PLUGIN     : default PLUGIN=>DASHBOARD XHRPANEL:state b2d59821-e6af-49c3-8362-1c05b5257476","timestamp":"2015-10-13T17:42:58.749Z"}
{"level":"info","message":"   PLUGIN     : default PLUGIN=>DASHBOARD NETWORK b2d59821-e6af-49c3-8362-1c05b5257476","timestamp":"2015-10-13T17:42:58.751Z"}
{"level":"info","message":"   PLUGIN     : default PLUGIN=>DASHBOARD RESOURCES b2d59821-e6af-49c3-8362-1c05b5257476","timestamp":"2015-10-13T17:42:58.752Z"}
{"level":"info","message":"   PLUGIN     : default PLUGIN=>DASHBOARD CONSOLE:entries b2d59821-e6af-49c3-8362-1c05b5257476","timestamp":"2015-10-13T17:42:58.990Z"}
{"level":"info","message":"   PLUGIN     : default PLUGIN=>DASHBOARD OBJEXPLORER b2d59821-e6af-49c3-8362-1c05b5257476","timestamp":"2015-10-13T17:43:02.511Z"}
{"level":"info","message":"   DASHBOARD  : Delete dashboard default socket FwoQrzjxDGbrd8XmAAAO ","timestamp":"2015-10-13T17:43:03.822Z"}
{"type":"API","session":"default","level":"info","message":"   API : GetClients nb client 1 in session default","timestamp":"2015-10-13T17:43:04.074Z"}
{"level":"info","message":"   DASHBOARD  : default New Dashboard b2d59821-e6af-49c3-8362-1c05b5257476","timestamp":"2015-10-13T17:43:04.388Z"}
{"level":"info","message":"   DASHBOARD  : default Client selected for :b2d59821-e6af-49c3-8362-1c05b5257476 b2d59821-e6af-49c3-8362-1c05b5257476","timestamp":"2015-10-13T17:43:04.388Z"}
{"level":"info","message":"   DASHBOARD  : default Change currentClient b2d59821-e6af-49c3-8362-1c05b5257476 b2d59821-e6af-49c3-8362-1c05b5257476","timestamp":"2015-10-13T17:43:04.389Z"}
{"level":"info","message":"   DASHBOARD  : default Send helo to socketid :vC_3GNCb1kPhqdx5AAAQ b2d59821-e6af-49c3-8362-1c05b5257476","timestamp":"2015-10-13T17:43:04.389Z"}
{"level":"info","message":"   DASHBOARD  : default Send helo to Dashboard b2d59821-e6af-49c3-8362-1c05b5257476","timestamp":"2015-10-13T17:43:04.390Z"}
{"level":"info","message":"   PLUGIN     : default PLUGIN=>DASHBOARD CONSOLE:clear b2d59821-e6af-49c3-8362-1c05b5257476","timestamp":"2015-10-13T17:43:04.396Z"}
{"level":"info","message":"   DASHBOARD  : default DASHBOARD=>PLUGIN DOM:setSettings b2d59821-e6af-49c3-8362-1c05b5257476","timestamp":"2015-10-13T17:43:04.444Z"}
{"level":"info","message":"   DASHBOARD  : default DASHBOARD=>PLUGIN DOM:getMutationObeserverAvailability b2d59821-e6af-49c3-8362-1c05b5257476","timestamp":"2015-10-13T17:43:04.446Z"}
{"level":"info","message":"   PLUGIN     : default PLUGIN=>DASHBOARD DOM:init b2d59821-e6af-49c3-8362-1c05b5257476","timestamp":"2015-10-13T17:43:04.555Z"}
{"level":"info","message":"   PLUGIN     : default PLUGIN=>DASHBOARD MODERNIZR b2d59821-e6af-49c3-8362-1c05b5257476","timestamp":"2015-10-13T17:43:04.558Z"}
{"level":"info","message":"   PLUGIN     : default PLUGIN=>DASHBOARD OBJEXPLORER b2d59821-e6af-49c3-8362-1c05b5257476","timestamp":"2015-10-13T17:43:04.561Z"}
{"level":"info","message":"   PLUGIN     : default PLUGIN=>DASHBOARD XHRPANEL:state b2d59821-e6af-49c3-8362-1c05b5257476","timestamp":"2015-10-13T17:43:04.562Z"}
{"level":"info","message":"   PLUGIN     : default PLUGIN=>DASHBOARD NETWORK b2d59821-e6af-49c3-8362-1c05b5257476","timestamp":"2015-10-13T17:43:04.565Z"}
{"level":"info","message":"   PLUGIN     : default PLUGIN=>DASHBOARD RESOURCES b2d59821-e6af-49c3-8362-1c05b5257476","timestamp":"2015-10-13T17:43:04.567Z"}
{"level":"info","message":"   PLUGIN     : default PLUGIN=>DASHBOARD DOM:mutationObeserverAvailability b2d59821-e6af-49c3-8362-1c05b5257476","timestamp":"2015-10-13T17:43:04.569Z"}
{"level":"info","message":"   DASHBOARD  : Delete dashboard default socket OSOrjf5RisYfiG0FAAAS ","timestamp":"2015-10-13T17:43:05.133Z"}
{"type":"API","session":"default","level":"info","message":"   API : GetClients nb client 1 in session default","timestamp":"2015-10-13T17:43:05.258Z"}
{"level":"info","message":"   DASHBOARD  : default New Dashboard b2d59821-e6af-49c3-8362-1c05b5257476","timestamp":"2015-10-13T17:43:05.555Z"}
{"level":"info","message":"   DASHBOARD  : default Client selected for :b2d59821-e6af-49c3-8362-1c05b5257476 b2d59821-e6af-49c3-8362-1c05b5257476","timestamp":"2015-10-13T17:43:05.555Z"}
{"level":"info","message":"   DASHBOARD  : default Change currentClient b2d59821-e6af-49c3-8362-1c05b5257476 b2d59821-e6af-49c3-8362-1c05b5257476","timestamp":"2015-10-13T17:43:05.555Z"}
{"level":"info","message":"   DASHBOARD  : default Send helo to socketid :vC_3GNCb1kPhqdx5AAAQ b2d59821-e6af-49c3-8362-1c05b5257476","timestamp":"2015-10-13T17:43:05.556Z"}
{"level":"info","message":"   DASHBOARD  : default Send helo to Dashboard b2d59821-e6af-49c3-8362-1c05b5257476","timestamp":"2015-10-13T17:43:05.557Z"}
{"level":"info","message":"   PLUGIN     : default PLUGIN=>DASHBOARD CONSOLE:clear b2d59821-e6af-49c3-8362-1c05b5257476","timestamp":"2015-10-13T17:43:05.580Z"}
{"level":"info","message":"   PLUGIN     : default PLUGIN=>DASHBOARD DOM:init b2d59821-e6af-49c3-8362-1c05b5257476","timestamp":"2015-10-13T17:43:05.582Z"}
{"level":"info","message":"   PLUGIN     : default PLUGIN=>DASHBOARD MODERNIZR b2d59821-e6af-49c3-8362-1c05b5257476","timestamp":"2015-10-13T17:43:05.584Z"}
{"level":"info","message":"   PLUGIN     : default PLUGIN=>DASHBOARD OBJEXPLORER b2d59821-e6af-49c3-8362-1c05b5257476","timestamp":"2015-10-13T17:43:05.588Z"}
{"level":"info","message":"   PLUGIN     : default PLUGIN=>DASHBOARD XHRPANEL:state b2d59821-e6af-49c3-8362-1c05b5257476","timestamp":"2015-10-13T17:43:05.591Z"}
{"level":"info","message":"   PLUGIN     : default PLUGIN=>DASHBOARD NETWORK b2d59821-e6af-49c3-8362-1c05b5257476","timestamp":"2015-10-13T17:43:05.596Z"}
{"level":"info","message":"   PLUGIN     : default PLUGIN=>DASHBOARD RESOURCES b2d59821-e6af-49c3-8362-1c05b5257476","timestamp":"2015-10-13T17:43:05.600Z"}
{"level":"info","message":"   PLUGIN     : default PLUGIN=>DASHBOARD CONSOLE:entries b2d59821-e6af-49c3-8362-1c05b5257476","timestamp":"2015-10-13T17:43:05.604Z"}
{"level":"info","message":"   DASHBOARD  : default DASHBOARD=>PLUGIN DOM:setSettings b2d59821-e6af-49c3-8362-1c05b5257476","timestamp":"2015-10-13T17:43:05.612Z"}
{"level":"info","message":"   DASHBOARD  : default DASHBOARD=>PLUGIN DOM:getMutationObeserverAvailability b2d59821-e6af-49c3-8362-1c05b5257476","timestamp":"2015-10-13T17:43:05.617Z"}
{"level":"info","message":"   DASHBOARD  : default DASHBOARD=>PLUGIN DOM:select b2d59821-e6af-49c3-8362-1c05b5257476","timestamp":"2015-10-13T17:43:05.803Z"}
{"level":"info","message":"   DASHBOARD  : default DASHBOARD=>PLUGIN DOM:unselect b2d59821-e6af-49c3-8362-1c05b5257476","timestamp":"2015-10-13T17:43:05.818Z"}
{"level":"info","message":"   DASHBOARD  : default DASHBOARD=>PLUGIN DOM:select b2d59821-e6af-49c3-8362-1c05b5257476","timestamp":"2015-10-13T17:43:05.827Z"}
{"level":"info","message":"   DASHBOARD  : default DASHBOARD=>PLUGIN DOM:unselect b2d59821-e6af-49c3-8362-1c05b5257476","timestamp":"2015-10-13T17:43:05.837Z"}
{"level":"info","message":"   PLUGIN     : default PLUGIN=>DASHBOARD DOM:mutationObeserverAvailability b2d59821-e6af-49c3-8362-1c05b5257476","timestamp":"2015-10-13T17:43:06.841Z"}
{"level":"info","message":"   PLUGIN     : default PLUGIN=>DASHBOARD CONSOLE:entries b2d59821-e6af-49c3-8362-1c05b5257476","timestamp":"2015-10-13T17:43:06.846Z"}
{"level":"info","message":"   DASHBOARD  : default DASHBOARD=>PLUGIN CONSOLE:order b2d59821-e6af-49c3-8362-1c05b5257476","timestamp":"2015-10-13T17:43:14.347Z"}
{"level":"info","message":"   PLUGIN     : Delete client socket vC_3GNCb1kPhqdx5AAAQ ","timestamp":"2015-10-13T17:43:16.800Z"}
{"level":"info","message":"   DASHBOARD  : default DASHBOARD=>PLUGIN CONSOLE:order b2d59821-e6af-49c3-8362-1c05b5257476","timestamp":"2015-10-13T17:43:18.597Z"}
{"level":"info","message":"   DASHBOARD  : default DASHBOARD=>PLUGIN CONSOLE:order b2d59821-e6af-49c3-8362-1c05b5257476","timestamp":"2015-10-13T17:43:19.085Z"}
{"level":"info","message":"   DASHBOARD  : default DASHBOARD=>PLUGIN CONSOLE:order b2d59821-e6af-49c3-8362-1c05b5257476","timestamp":"2015-10-13T17:43:19.365Z"}
{"level":"info","message":"   DASHBOARD  : default DASHBOARD=>PLUGIN CONSOLE:order b2d59821-e6af-49c3-8362-1c05b5257476","timestamp":"2015-10-13T17:43:19.617Z"}
{"level":"info","message":"   DASHBOARD  : default DASHBOARD=>PLUGIN CONSOLE:order b2d59821-e6af-49c3-8362-1c05b5257476","timestamp":"2015-10-13T17:43:19.845Z"}
{"level":"info","message":"   DASHBOARD  : default DASHBOARD=>PLUGIN CONSOLE:order b2d59821-e6af-49c3-8362-1c05b5257476","timestamp":"2015-10-13T17:43:20.053Z"}
{"level":"info","message":"   DASHBOARD  : default DASHBOARD=>PLUGIN CONSOLE:order b2d59821-e6af-49c3-8362-1c05b5257476","timestamp":"2015-10-13T17:43:20.197Z"}
{"level":"info","message":"   DASHBOARD  : Delete dashboard default socket N5n_cHcyibuUqU05AAAU ","timestamp":"2015-10-13T17:43:21.300Z"}
{"type":"API","session":"default","level":"info","message":"   API : GetClients nb client 0 in session default","timestamp":"2015-10-13T17:43:21.522Z"}
{"level":"info","message":"   DASHBOARD  : default New Dashboard b2d59821-e6af-49c3-8362-1c05b5257476","timestamp":"2015-10-13T17:43:21.819Z"}
{"level":"info","message":"   DASHBOARD  : default Client selected for :b2d59821-e6af-49c3-8362-1c05b5257476 b2d59821-e6af-49c3-8362-1c05b5257476","timestamp":"2015-10-13T17:43:21.820Z"}
{"level":"error","message":"  DASHBOARD  : default No client for message DOM:setSettings b2d59821-e6af-49c3-8362-1c05b5257476","timestamp":"2015-10-13T17:43:21.920Z"}
{"level":"error","message":"  DASHBOARD  : default No client for message DOM:getMutationObeserverAvailability b2d59821-e6af-49c3-8362-1c05b5257476","timestamp":"2015-10-13T17:43:21.924Z"}
{"level":"info","message":"   DASHBOARD  : Delete dashboard default socket vLke6WWyli5kGfkpAAAW ","timestamp":"2015-10-13T17:43:23.799Z"}
{"level":"info","message":"   PLUGIN     : default Send Refresh clientlist to dashboard (0)[Mozilla/5.0 (Macintosh; Intel Mac OS X 10_11_1) AppleWebKit/537.36 (KHTML, like Gecko) Chrome/46.0.2490.71 Safari/537.36] socketid = WaJsMQxSQ3b2tNylAAAC aa115066-e7d4-435c-b505-eac38d49c964","timestamp":"2015-10-15T19:21:55.894Z"}
{"level":"info","message":"   PLUGIN     : default New client (0)[Mozilla/5.0 (Macintosh; Intel Mac OS X 10_11_1) AppleWebKit/537.36 (KHTML, like Gecko) Chrome/46.0.2490.71 Safari/537.36] socketid = WaJsMQxSQ3b2tNylAAAC aa115066-e7d4-435c-b505-eac38d49c964","timestamp":"2015-10-15T19:21:55.905Z"}
{"level":"info","message":"   PLUGIN     : default Number clients in session : 1 aa115066-e7d4-435c-b505-eac38d49c964","timestamp":"2015-10-15T19:21:55.906Z"}
{"level":"info","message":"   PLUGIN     : default New client (0) wait... aa115066-e7d4-435c-b505-eac38d49c964","timestamp":"2015-10-15T19:21:55.906Z"}
{"level":"info","message":"   PLUGIN     : default Send Refresh clientlist to dashboard (0)[Mozilla/5.0 (Macintosh; Intel Mac OS X 10_11_1) AppleWebKit/537.36 (KHTML, like Gecko) Chrome/46.0.2490.71 Safari/537.36] socketid = LiyvtHdEivRfn20gAAAC aa115066-e7d4-435c-b505-eac38d49c964","timestamp":"2015-10-15T19:23:07.625Z"}
{"level":"info","message":"   PLUGIN     : default New client (0)[Mozilla/5.0 (Macintosh; Intel Mac OS X 10_11_1) AppleWebKit/537.36 (KHTML, like Gecko) Chrome/46.0.2490.71 Safari/537.36] socketid = LiyvtHdEivRfn20gAAAC aa115066-e7d4-435c-b505-eac38d49c964","timestamp":"2015-10-15T19:23:07.627Z"}
{"level":"info","message":"   PLUGIN     : default Number clients in session : 1 aa115066-e7d4-435c-b505-eac38d49c964","timestamp":"2015-10-15T19:23:07.627Z"}
{"level":"info","message":"   PLUGIN     : default New client (0) wait... aa115066-e7d4-435c-b505-eac38d49c964","timestamp":"2015-10-15T19:23:07.627Z"}
{"level":"info","message":"   PLUGIN     : default Send Refresh clientlist to dashboard (1)[Mozilla/5.0 (Macintosh; Intel Mac OS X 10_11_1) AppleWebKit/537.36 (KHTML, like Gecko) Chrome/46.0.2490.71 Safari/537.36] socketid = rP2gsUSxHFFQB78NAAAE 2cd9d2d7-22ad-47c1-9a2a-453a2d8528e3","timestamp":"2015-10-15T19:23:25.422Z"}
{"level":"info","message":"   PLUGIN     : default New client (1)[Mozilla/5.0 (Macintosh; Intel Mac OS X 10_11_1) AppleWebKit/537.36 (KHTML, like Gecko) Chrome/46.0.2490.71 Safari/537.36] socketid = rP2gsUSxHFFQB78NAAAE 2cd9d2d7-22ad-47c1-9a2a-453a2d8528e3","timestamp":"2015-10-15T19:23:25.423Z"}
{"level":"info","message":"   PLUGIN     : default Number clients in session : 2 2cd9d2d7-22ad-47c1-9a2a-453a2d8528e3","timestamp":"2015-10-15T19:23:25.423Z"}
{"level":"info","message":"   PLUGIN     : default New client (1) wait... 2cd9d2d7-22ad-47c1-9a2a-453a2d8528e3","timestamp":"2015-10-15T19:23:25.424Z"}
{"type":"API","session":"default","level":"info","message":"   API : GetClients nb client 2 in session default","timestamp":"2015-10-15T19:23:28.064Z"}
{"level":"info","message":"   DASHBOARD  : default New Dashboard 2cd9d2d7-22ad-47c1-9a2a-453a2d8528e3","timestamp":"2015-10-15T19:23:28.452Z"}
{"level":"info","message":"   DASHBOARD  : default Client selected for :aa115066-e7d4-435c-b505-eac38d49c964 2cd9d2d7-22ad-47c1-9a2a-453a2d8528e3","timestamp":"2015-10-15T19:23:28.453Z"}
{"level":"info","message":"   DASHBOARD  : default Change currentClient 2cd9d2d7-22ad-47c1-9a2a-453a2d8528e3 2cd9d2d7-22ad-47c1-9a2a-453a2d8528e3","timestamp":"2015-10-15T19:23:28.453Z"}
{"level":"info","message":"   DASHBOARD  : default Send helo to socketid :LiyvtHdEivRfn20gAAAC 2cd9d2d7-22ad-47c1-9a2a-453a2d8528e3","timestamp":"2015-10-15T19:23:28.453Z"}
{"level":"info","message":"   DASHBOARD  : default Wait for socketid (rP2gsUSxHFFQB78NAAAE) 2cd9d2d7-22ad-47c1-9a2a-453a2d8528e3","timestamp":"2015-10-15T19:23:28.454Z"}
{"level":"info","message":"   DASHBOARD  : default Send helo to Dashboard 2cd9d2d7-22ad-47c1-9a2a-453a2d8528e3","timestamp":"2015-10-15T19:23:28.455Z"}
{"level":"info","message":"   PLUGIN     : default PLUGIN=>DASHBOARD CONSOLE:clear aa115066-e7d4-435c-b505-eac38d49c964","timestamp":"2015-10-15T19:23:28.462Z"}
{"level":"info","message":"   DASHBOARD  : default DASHBOARD=>PLUGIN DOM:setSettings 2cd9d2d7-22ad-47c1-9a2a-453a2d8528e3","timestamp":"2015-10-15T19:23:28.554Z"}
{"level":"info","message":"   DASHBOARD  : default DASHBOARD=>PLUGIN DOM:getMutationObeserverAvailability 2cd9d2d7-22ad-47c1-9a2a-453a2d8528e3","timestamp":"2015-10-15T19:23:28.556Z"}
{"level":"info","message":"   PLUGIN     : default PLUGIN=>DASHBOARD DOM:init aa115066-e7d4-435c-b505-eac38d49c964","timestamp":"2015-10-15T19:23:28.573Z"}
{"level":"info","message":"   PLUGIN     : default PLUGIN=>DASHBOARD MODERNIZR aa115066-e7d4-435c-b505-eac38d49c964","timestamp":"2015-10-15T19:23:28.577Z"}
{"level":"info","message":"   PLUGIN     : default PLUGIN=>DASHBOARD OBJEXPLORER aa115066-e7d4-435c-b505-eac38d49c964","timestamp":"2015-10-15T19:23:28.583Z"}
{"level":"info","message":"   PLUGIN     : default PLUGIN=>DASHBOARD XHRPANEL:state aa115066-e7d4-435c-b505-eac38d49c964","timestamp":"2015-10-15T19:23:28.588Z"}
{"level":"info","message":"   PLUGIN     : default PLUGIN=>DASHBOARD NETWORK aa115066-e7d4-435c-b505-eac38d49c964","timestamp":"2015-10-15T19:23:28.591Z"}
{"level":"info","message":"   PLUGIN     : default PLUGIN=>DASHBOARD RESOURCES aa115066-e7d4-435c-b505-eac38d49c964","timestamp":"2015-10-15T19:23:28.594Z"}
{"level":"info","message":"   PLUGIN     : default PLUGIN=>DASHBOARD DOM:mutationObeserverAvailability aa115066-e7d4-435c-b505-eac38d49c964","timestamp":"2015-10-15T19:23:29.760Z"}
{"level":"info","message":"   PLUGIN     : default PLUGIN=>DASHBOARD CONSOLE:entries aa115066-e7d4-435c-b505-eac38d49c964","timestamp":"2015-10-15T19:23:29.763Z"}
{"level":"info","message":"   DASHBOARD  : Delete dashboard default socket aN8eBOHYouot69jMAAAG ","timestamp":"2015-10-15T19:23:29.849Z"}
{"type":"API","session":"default","level":"info","message":"   API : GetClients nb client 2 in session default","timestamp":"2015-10-15T19:23:30.017Z"}
{"level":"info","message":"   DASHBOARD  : default New Dashboard 2cd9d2d7-22ad-47c1-9a2a-453a2d8528e3","timestamp":"2015-10-15T19:23:30.428Z"}
{"level":"info","message":"   DASHBOARD  : default Client selected for :aa115066-e7d4-435c-b505-eac38d49c964 2cd9d2d7-22ad-47c1-9a2a-453a2d8528e3","timestamp":"2015-10-15T19:23:30.429Z"}
{"level":"info","message":"   DASHBOARD  : default Change currentClient 2cd9d2d7-22ad-47c1-9a2a-453a2d8528e3 2cd9d2d7-22ad-47c1-9a2a-453a2d8528e3","timestamp":"2015-10-15T19:23:30.429Z"}
{"level":"info","message":"   DASHBOARD  : default Send helo to socketid :LiyvtHdEivRfn20gAAAC 2cd9d2d7-22ad-47c1-9a2a-453a2d8528e3","timestamp":"2015-10-15T19:23:30.430Z"}
{"level":"info","message":"   DASHBOARD  : default Wait for socketid (rP2gsUSxHFFQB78NAAAE) 2cd9d2d7-22ad-47c1-9a2a-453a2d8528e3","timestamp":"2015-10-15T19:23:30.430Z"}
{"level":"info","message":"   DASHBOARD  : default Send helo to Dashboard 2cd9d2d7-22ad-47c1-9a2a-453a2d8528e3","timestamp":"2015-10-15T19:23:30.431Z"}
{"level":"info","message":"   DASHBOARD  : default DASHBOARD=>PLUGIN DOM:setSettings 2cd9d2d7-22ad-47c1-9a2a-453a2d8528e3","timestamp":"2015-10-15T19:23:30.522Z"}
{"level":"info","message":"   DASHBOARD  : default DASHBOARD=>PLUGIN DOM:getMutationObeserverAvailability 2cd9d2d7-22ad-47c1-9a2a-453a2d8528e3","timestamp":"2015-10-15T19:23:30.524Z"}
{"level":"info","message":"   PLUGIN     : default PLUGIN=>DASHBOARD CONSOLE:clear aa115066-e7d4-435c-b505-eac38d49c964","timestamp":"2015-10-15T19:23:30.560Z"}
{"level":"info","message":"   PLUGIN     : default PLUGIN=>DASHBOARD DOM:init aa115066-e7d4-435c-b505-eac38d49c964","timestamp":"2015-10-15T19:23:30.564Z"}
{"level":"info","message":"   PLUGIN     : default PLUGIN=>DASHBOARD MODERNIZR aa115066-e7d4-435c-b505-eac38d49c964","timestamp":"2015-10-15T19:23:30.573Z"}
{"level":"info","message":"   PLUGIN     : default PLUGIN=>DASHBOARD OBJEXPLORER aa115066-e7d4-435c-b505-eac38d49c964","timestamp":"2015-10-15T19:23:30.576Z"}
{"level":"info","message":"   PLUGIN     : default PLUGIN=>DASHBOARD XHRPANEL:state aa115066-e7d4-435c-b505-eac38d49c964","timestamp":"2015-10-15T19:23:30.578Z"}
{"level":"info","message":"   PLUGIN     : default PLUGIN=>DASHBOARD NETWORK aa115066-e7d4-435c-b505-eac38d49c964","timestamp":"2015-10-15T19:23:30.580Z"}
{"level":"info","message":"   PLUGIN     : default PLUGIN=>DASHBOARD RESOURCES aa115066-e7d4-435c-b505-eac38d49c964","timestamp":"2015-10-15T19:23:30.584Z"}
{"level":"info","message":"   PLUGIN     : default PLUGIN=>DASHBOARD DOM:mutationObeserverAvailability aa115066-e7d4-435c-b505-eac38d49c964","timestamp":"2015-10-15T19:23:30.588Z"}
{"level":"info","message":"   DASHBOARD  : Delete dashboard default socket ZyU7NsTtcztUnEo5AAAI ","timestamp":"2015-10-15T19:23:31.357Z"}
{"type":"API","session":"default","level":"info","message":"   API : GetClients nb client 2 in session default","timestamp":"2015-10-15T19:23:31.511Z"}
{"type":"API","session":"default","level":"info","message":"   API : GetClients nb client 2 in session default","timestamp":"2015-10-15T19:23:32.061Z"}
{"level":"info","message":"   DASHBOARD  : default New Dashboard 2cd9d2d7-22ad-47c1-9a2a-453a2d8528e3","timestamp":"2015-10-15T19:23:32.357Z"}
{"level":"info","message":"   DASHBOARD  : default Client selected for :2cd9d2d7-22ad-47c1-9a2a-453a2d8528e3 2cd9d2d7-22ad-47c1-9a2a-453a2d8528e3","timestamp":"2015-10-15T19:23:32.357Z"}
{"level":"info","message":"   DASHBOARD  : default Change currentClient 2cd9d2d7-22ad-47c1-9a2a-453a2d8528e3 2cd9d2d7-22ad-47c1-9a2a-453a2d8528e3","timestamp":"2015-10-15T19:23:32.358Z"}
{"level":"info","message":"   DASHBOARD  : default Wait for socketid (LiyvtHdEivRfn20gAAAC) 2cd9d2d7-22ad-47c1-9a2a-453a2d8528e3","timestamp":"2015-10-15T19:23:32.358Z"}
{"level":"info","message":"   DASHBOARD  : default Send helo to socketid :rP2gsUSxHFFQB78NAAAE 2cd9d2d7-22ad-47c1-9a2a-453a2d8528e3","timestamp":"2015-10-15T19:23:32.358Z"}
{"level":"info","message":"   DASHBOARD  : default Send helo to Dashboard 2cd9d2d7-22ad-47c1-9a2a-453a2d8528e3","timestamp":"2015-10-15T19:23:32.359Z"}
{"level":"info","message":"   DASHBOARD  : default DASHBOARD=>PLUGIN DOM:setSettings 2cd9d2d7-22ad-47c1-9a2a-453a2d8528e3","timestamp":"2015-10-15T19:23:32.401Z"}
{"level":"info","message":"   DASHBOARD  : default DASHBOARD=>PLUGIN DOM:getMutationObeserverAvailability 2cd9d2d7-22ad-47c1-9a2a-453a2d8528e3","timestamp":"2015-10-15T19:23:32.404Z"}
{"level":"info","message":"   DASHBOARD  : Delete dashboard default socket g1qwRxl5xOq33jsKAAAM ","timestamp":"2015-10-15T19:23:32.753Z"}
{"type":"API","session":"default","level":"warn","message":"   API : No client in session default","timestamp":"2015-10-15T19:23:32.887Z"}
{"level":"info","message":"   DASHBOARD  : default New Dashboard 2cd9d2d7-22ad-47c1-9a2a-453a2d8528e3","timestamp":"2015-10-15T19:23:33.221Z"}
{"level":"info","message":"   DASHBOARD  : default Client selected for :2cd9d2d7-22ad-47c1-9a2a-453a2d8528e3 2cd9d2d7-22ad-47c1-9a2a-453a2d8528e3","timestamp":"2015-10-15T19:23:33.221Z"}
{"level":"error","message":"  DASHBOARD  : default No client for message DOM:setSettings 2cd9d2d7-22ad-47c1-9a2a-453a2d8528e3","timestamp":"2015-10-15T19:23:33.309Z"}
{"level":"error","message":"  DASHBOARD  : default No client for message DOM:getMutationObeserverAvailability 2cd9d2d7-22ad-47c1-9a2a-453a2d8528e3","timestamp":"2015-10-15T19:23:33.310Z"}
{"level":"info","message":"   PLUGIN     : default Send Refresh clientlist to dashboard (0)[Mozilla/5.0 (Macintosh; Intel Mac OS X 10_11_1) AppleWebKit/537.36 (KHTML, like Gecko) Chrome/46.0.2490.71 Safari/537.36] socketid = R3v43LVosTuhVxMFAAAQ aa115066-e7d4-435c-b505-eac38d49c964","timestamp":"2015-10-15T19:23:35.563Z"}
{"level":"info","message":"   PLUGIN     : default New client (0)[Mozilla/5.0 (Macintosh; Intel Mac OS X 10_11_1) AppleWebKit/537.36 (KHTML, like Gecko) Chrome/46.0.2490.71 Safari/537.36] socketid = R3v43LVosTuhVxMFAAAQ aa115066-e7d4-435c-b505-eac38d49c964","timestamp":"2015-10-15T19:23:35.564Z"}
{"level":"info","message":"   PLUGIN     : default Number clients in session : 1 aa115066-e7d4-435c-b505-eac38d49c964","timestamp":"2015-10-15T19:23:35.564Z"}
{"level":"info","message":"   PLUGIN     : default New client (0) wait... aa115066-e7d4-435c-b505-eac38d49c964","timestamp":"2015-10-15T19:23:35.565Z"}
{"type":"API","session":"default","level":"info","message":"   API : GetClients nb client 1 in session default","timestamp":"2015-10-15T19:23:35.571Z"}
{"level":"info","message":"   DASHBOARD  : Delete dashboard default socket lU4whtCSk04l2vkuAAAO ","timestamp":"2015-10-15T19:23:37.380Z"}
{"type":"API","session":"default","level":"info","message":"   API : GetClients nb client 1 in session default","timestamp":"2015-10-15T19:23:37.544Z"}
{"level":"info","message":"   DASHBOARD  : default New Dashboard 2cd9d2d7-22ad-47c1-9a2a-453a2d8528e3","timestamp":"2015-10-15T19:23:37.851Z"}
{"level":"info","message":"   DASHBOARD  : default Client selected for :aa115066-e7d4-435c-b505-eac38d49c964 2cd9d2d7-22ad-47c1-9a2a-453a2d8528e3","timestamp":"2015-10-15T19:23:37.851Z"}
{"level":"info","message":"   DASHBOARD  : default Change currentClient 2cd9d2d7-22ad-47c1-9a2a-453a2d8528e3 2cd9d2d7-22ad-47c1-9a2a-453a2d8528e3","timestamp":"2015-10-15T19:23:37.851Z"}
{"level":"info","message":"   DASHBOARD  : default Send helo to socketid :R3v43LVosTuhVxMFAAAQ 2cd9d2d7-22ad-47c1-9a2a-453a2d8528e3","timestamp":"2015-10-15T19:23:37.851Z"}
{"level":"info","message":"   DASHBOARD  : default Send helo to Dashboard 2cd9d2d7-22ad-47c1-9a2a-453a2d8528e3","timestamp":"2015-10-15T19:23:37.852Z"}
{"level":"info","message":"   PLUGIN     : default PLUGIN=>DASHBOARD CONSOLE:clear aa115066-e7d4-435c-b505-eac38d49c964","timestamp":"2015-10-15T19:23:37.856Z"}
{"level":"info","message":"   DASHBOARD  : default DASHBOARD=>PLUGIN DOM:setSettings 2cd9d2d7-22ad-47c1-9a2a-453a2d8528e3","timestamp":"2015-10-15T19:23:37.903Z"}
{"level":"info","message":"   DASHBOARD  : default DASHBOARD=>PLUGIN DOM:getMutationObeserverAvailability 2cd9d2d7-22ad-47c1-9a2a-453a2d8528e3","timestamp":"2015-10-15T19:23:37.906Z"}
{"level":"info","message":"   DASHBOARD  : Delete dashboard default socket SXfmzMBEDbwavMKeAAAS ","timestamp":"2015-10-15T19:23:40.596Z"}
{"level":"error","message":"  PLUGIN     : default no dashboard found DOM:init aa115066-e7d4-435c-b505-eac38d49c964","timestamp":"2015-10-15T19:23:40.604Z"}
{"level":"error","message":"  PLUGIN     : default no dashboard found MODERNIZR aa115066-e7d4-435c-b505-eac38d49c964","timestamp":"2015-10-15T19:23:40.613Z"}
{"level":"error","message":"  PLUGIN     : default no dashboard found OBJEXPLORER aa115066-e7d4-435c-b505-eac38d49c964","timestamp":"2015-10-15T19:23:40.618Z"}
{"level":"error","message":"  PLUGIN     : default no dashboard found XHRPANEL:state aa115066-e7d4-435c-b505-eac38d49c964","timestamp":"2015-10-15T19:23:40.620Z"}
{"level":"error","message":"  PLUGIN     : default no dashboard found NETWORK aa115066-e7d4-435c-b505-eac38d49c964","timestamp":"2015-10-15T19:23:40.623Z"}
{"level":"error","message":"  PLUGIN     : default no dashboard found RESOURCES aa115066-e7d4-435c-b505-eac38d49c964","timestamp":"2015-10-15T19:23:40.625Z"}
{"level":"error","message":"  PLUGIN     : default no dashboard found DOM:mutationObeserverAvailability aa115066-e7d4-435c-b505-eac38d49c964","timestamp":"2015-10-15T19:23:40.628Z"}
{"level":"info","message":"   PLUGIN     : default NOT sending RefreshClients, no Dashboard R3v43LVosTuhVxMFAAAQ aa115066-e7d4-435c-b505-eac38d49c964","timestamp":"2015-10-15T19:23:57.902Z"}
{"level":"info","message":"   PLUGIN     : default Client Close R3v43LVosTuhVxMFAAAQ aa115066-e7d4-435c-b505-eac38d49c964","timestamp":"2015-10-15T19:23:57.903Z"}
{"level":"info","message":"   PLUGIN     : Delete client socket R3v43LVosTuhVxMFAAAQ ","timestamp":"2015-10-15T19:23:58.022Z"}
